This is pdfTeX, Version 3.141592653-2.6-1.40.24 (MiKTeX 22.3) (preloaded format=pdflatex 2022.4.19)  8 JUL 2022 12:29
entering extended mode
 restricted \write18 enabled.
 file:line:error style messages enabled.
 %&-line parsing enabled.
**c:/Users/renzo/OneDrive/Documentos/IB/Tesis_M/tesis/Tesis_Tex/template.tex
(c:/Users/renzo/OneDrive/Documentos/IB/Tesis_M/tesis/Tesis_Tex/template.tex
LaTeX2e <2021-11-15> patch level 1
L3 programming layer <2022-04-10> (ibtesis.cls
Document Class: ibtesis 2010/10/25 v0.8 (a4 paper) IB - UnCuyo
(C:\Users\renzo\AppData\Local\Programs\MiKTeX\tex/latex/base\book.cls
Document Class: book 2021/10/04 v1.4n Standard LaTeX document class
(C:\Users\renzo\AppData\Local\Programs\MiKTeX\tex/latex/base\bk12.clo
File: bk12.clo 2021/10/04 v1.4n Standard LaTeX file (size option)
)
\c@part=\count185
\c@chapter=\count186
\c@section=\count187
\c@subsection=\count188
\c@subsubsection=\count189
\c@paragraph=\count190
\c@subparagraph=\count191
\c@figure=\count192
\c@table=\count193
\abovecaptionskip=\skip47
\belowcaptionskip=\skip48
\bibindent=\dimen138
) (C:\Users\renzo\AppData\Local\Programs\MiKTeX\tex/generic/iftex\ifpdf.sty
Package: ifpdf 2019/10/25 v3.4 ifpdf legacy package. Use iftex instead.
 (C:\Users\renzo\AppData\Local\Programs\MiKTeX\tex/generic/iftex\iftex.sty
Package: iftex 2022/02/03 v1.0f TeX engine tests
)) (C:\Users\renzo\AppData\Local\Programs\MiKTeX\tex/generic/babel\babel.sty
Package: babel 2022/02/26 3.73 The Babel package
\babel@savecnt=\count194
\U@D=\dimen139
\l@unhyphenated=\language79
 (C:\Users\renzo\AppData\Local\Programs\MiKTeX\tex/generic/babel\txtbabel.def)
\bbl@readstream=\read2
\bbl@dirlevel=\count195

*************************************
* Local config file bblopts.cfg used
*
(C:\Users\renzo\AppData\Local\Programs\MiKTeX\tex/latex/arabi\bblopts.cfg
File: bblopts.cfg 2005/09/08 v0.1 add Arabic and Farsi to "declared" options of babel
) (C:\Users\renzo\AppData\Local\Programs\MiKTeX\tex/latex/babel-english\english.ldf
Language: english 2017/06/06 v3.3r English support from the babel system
Package babel Info: Hyphen rules for 'canadian' set to \l@english
(babel)             (\language0). Reported on input line 102.
Package babel Info: Hyphen rules for 'australian' set to \l@ukenglish
(babel)             (\language73). Reported on input line 105.
Package babel Info: Hyphen rules for 'newzealand' set to \l@ukenglish
(babel)             (\language73). Reported on input line 108.
) (C:\Users\renzo\AppData\Local\Programs\MiKTeX\tex/latex/babel-spanish\spanish.ldf
Language: spanish.ldf 2021/05/27 v5.0q Spanish support from the babel system
\es@quottoks=\toks16
\es@quotdepth=\count196
Package babel Info: Making " an active character on input line 570.
Package babel Info: Making . an active character on input line 675.
Package babel Info: Making < an active character on input line 722.
Package babel Info: Making > an active character on input line 722.
)) (C:\Users\renzo\AppData\Local\Programs\MiKTeX\tex/latex/base\makeidx.sty
Package: makeidx 2021/10/04 v1.0m Standard LaTeX package
) (C:\Users\renzo\AppData\Local\Programs\MiKTeX\tex/latex/caption\caption.sty
Package: caption 2022/03/01 v3.6b Customizing captions (AR)
 (C:\Users\renzo\AppData\Local\Programs\MiKTeX\tex/latex/caption\caption3.sty
Package: caption3 2022/03/17 v2.3b caption3 kernel (AR)
 (C:\Users\renzo\AppData\Local\Programs\MiKTeX\tex/latex/graphics\keyval.sty
Package: keyval 2014/10/28 v1.15 key=value parser (DPC)
\KV@toks@=\toks17
)
\caption@tempdima=\dimen140
\captionmargin=\dimen141
\caption@leftmargin=\dimen142
\caption@rightmargin=\dimen143
\caption@width=\dimen144
\caption@indent=\dimen145
\caption@parindent=\dimen146
\caption@hangindent=\dimen147
Package caption Info: Standard document class detected.
)
\c@caption@flags=\count197
\c@continuedfloat=\count198
) (C:\Users\renzo\AppData\Local\Programs\MiKTeX\tex/latex/yafoot\fnpos.sty
Package: fnpos 2018/09/03 v1.1 
) (C:\Users\renzo\AppData\Local\Programs\MiKTeX\tex/latex/amsmath\amsmath.sty
Package: amsmath 2021/10/15 v2.17l AMS math features
\@mathmargin=\skip49

For additional information on amsmath, use the `?' option.
(C:\Users\renzo\AppData\Local\Programs\MiKTeX\tex/latex/amsmath\amstext.sty
Package: amstext 2021/08/26 v2.01 AMS text
 (C:\Users\renzo\AppData\Local\Programs\MiKTeX\tex/latex/amsmath\amsgen.sty
File: amsgen.sty 1999/11/30 v2.0 generic functions
\@emptytoks=\toks18
\ex@=\dimen148
)) (C:\Users\renzo\AppData\Local\Programs\MiKTeX\tex/latex/amsmath\amsbsy.sty
Package: amsbsy 1999/11/29 v1.2d Bold Symbols
\pmbraise@=\dimen149
) (C:\Users\renzo\AppData\Local\Programs\MiKTeX\tex/latex/amsmath\amsopn.sty
Package: amsopn 2021/08/26 v2.02 operator names
)
\inf@bad=\count199
LaTeX Info: Redefining \frac on input line 234.
\uproot@=\count266
\leftroot@=\count267
LaTeX Info: Redefining \overline on input line 399.
\classnum@=\count268
\DOTSCASE@=\count269
LaTeX Info: Redefining \ldots on input line 496.
LaTeX Info: Redefining \dots on input line 499.
LaTeX Info: Redefining \cdots on input line 620.
\Mathstrutbox@=\box50
\strutbox@=\box51
\big@size=\dimen150
LaTeX Font Info:    Redeclaring font encoding OML on input line 743.
LaTeX Font Info:    Redeclaring font encoding OMS on input line 744.
\macc@depth=\count270
\c@MaxMatrixCols=\count271
\dotsspace@=\muskip16
\c@parentequation=\count272
\dspbrk@lvl=\count273
\tag@help=\toks19
\row@=\count274
\column@=\count275
\maxfields@=\count276
\andhelp@=\toks20
\eqnshift@=\dimen151
\alignsep@=\dimen152
\tagshift@=\dimen153
\tagwidth@=\dimen154
\totwidth@=\dimen155
\lineht@=\dimen156
\@envbody=\toks21
\multlinegap=\skip50
\multlinetaggap=\skip51
\mathdisplay@stack=\toks22
LaTeX Info: Redefining \[ on input line 2938.
LaTeX Info: Redefining \] on input line 2939.
) (C:\Users\renzo\AppData\Local\Programs\MiKTeX\tex/latex/tools\bm.sty
Package: bm 2021/04/25 v1.2e Bold Symbol Support (DPC/FMi)
\symboldoperators=\mathgroup4
\symboldletters=\mathgroup5
\symboldsymbols=\mathgroup6
Package bm Info: No bold for \OMX/cmex/m/n, using \pmb.
LaTeX Font Info:    Redeclaring math alphabet \mathbf on input line 149.
) (C:\Users\renzo\AppData\Local\Programs\MiKTeX\tex/latex/graphics\graphicx.sty
Package: graphicx 2021/09/16 v1.2d Enhanced LaTeX Graphics (DPC,SPQR)
 (C:\Users\renzo\AppData\Local\Programs\MiKTeX\tex/latex/graphics\graphics.sty
Package: graphics 2021/03/04 v1.4d Standard LaTeX Graphics (DPC,SPQR)
 (C:\Users\renzo\AppData\Local\Programs\MiKTeX\tex/latex/graphics\trig.sty
Package: trig 2021/08/11 v1.11 sin cos tan (DPC)
) (C:\Users\renzo\AppData\Local\Programs\MiKTeX\tex/latex/graphics-cfg\graphics.cfg
File: graphics.cfg 2016/06/04 v1.11 sample graphics configuration
)
Package graphics Info: Driver file: pdftex.def on input line 107.
 (C:\Users\renzo\AppData\Local\Programs\MiKTeX\tex/latex/graphics-def\pdftex.def
File: pdftex.def 2020/10/05 v1.2a Graphics/color driver for pdftex
))
\Gin@req@height=\dimen157
\Gin@req@width=\dimen158
) (C:\Users\renzo\AppData\Local\Programs\MiKTeX\tex/latex/graphics\color.sty
Package: color 2021/12/07 v1.3c Standard LaTeX Color (DPC)
 (C:\Users\renzo\AppData\Local\Programs\MiKTeX\tex/latex/graphics-cfg\color.cfg
File: color.cfg 2016/01/02 v1.6 sample color configuration
)
Package color Info: Driver file: pdftex.def on input line 149.
) (C:\Users\renzo\AppData\Local\Programs\MiKTeX\tex/latex/fancyhdr\fancyhdr.sty
Package: fancyhdr 2022/05/18 v4.0.3 Extensive control of page headers and footers
\f@nch@headwidth=\skip52
\f@nch@O@elh=\skip53
\f@nch@O@erh=\skip54
\f@nch@O@olh=\skip55
\f@nch@O@orh=\skip56
\f@nch@O@elf=\skip57
\f@nch@O@erf=\skip58
\f@nch@O@olf=\skip59
\f@nch@O@orf=\skip60
) (C:\Users\renzo\AppData\Local\Programs\MiKTeX\tex/latex/changepage\changepage.sty
Package: changepage 2009/10/20 v1.0c check page and change page layout
\c@cp@cntr=\count277
\cp@tempcnt=\count278
) (C:\Users\renzo\AppData\Local\Programs\MiKTeX\tex/latex/tools\calc.sty
Package: calc 2017/05/25 v4.3 Infix arithmetic (KKT,FJ)
\calc@Acount=\count279
\calc@Bcount=\count280
\calc@Adimen=\dimen159
\calc@Bdimen=\dimen160
\calc@Askip=\skip61
\calc@Bskip=\skip62
LaTeX Info: Redefining \setlength on input line 80.
LaTeX Info: Redefining \addtolength on input line 81.
\calc@Ccount=\count281
\calc@Cskip=\skip63
) (C:\Users\renzo\AppData\Local\Programs\MiKTeX\tex/latex/geometry\geometry.sty
Package: geometry 2020/01/02 v5.9 Page Geometry
 (C:\Users\renzo\AppData\Local\Programs\MiKTeX\tex/generic/iftex\ifvtex.sty
Package: ifvtex 2019/10/25 v1.7 ifvtex legacy package. Use iftex instead.
)
\Gm@cnth=\count282
\Gm@cntv=\count283
\c@Gm@tempcnt=\count284
\Gm@bindingoffset=\dimen161
\Gm@wd@mp=\dimen162
\Gm@odd@mp=\dimen163
\Gm@even@mp=\dimen164
\Gm@layoutwidth=\dimen165
\Gm@layoutheight=\dimen166
\Gm@layouthoffset=\dimen167
\Gm@layoutvoffset=\dimen168
\Gm@dimlist=\toks23
 (C:\Users\renzo\AppData\Local\Programs\MiKTeX\tex/latex/geometry\geometry.cfg)) (C:\Users\renzo\AppData\Local\Programs\MiKTeX\tex/latex/setspace\setspace.sty
Package: setspace 2011/12/19 v6.7a set line spacing
) (C:\Users\renzo\AppData\Local\Programs\MiKTeX\tex/latex/hyperref\hyperref.sty
Package: hyperref 2022-02-21 v7.00n Hypertext links for LaTeX
 (C:\Users\renzo\AppData\Local\Programs\MiKTeX\tex/generic/ltxcmds\ltxcmds.sty
Package: ltxcmds 2020-05-10 v1.25 LaTeX kernel commands for general use (HO)
) (C:\Users\renzo\AppData\Local\Programs\MiKTeX\tex/generic/pdftexcmds\pdftexcmds.sty
Package: pdftexcmds 2020-06-27 v0.33 Utility functions of pdfTeX for LuaTeX (HO)
 (C:\Users\renzo\AppData\Local\Programs\MiKTeX\tex/generic/infwarerr\infwarerr.sty
Package: infwarerr 2019/12/03 v1.5 Providing info/warning/error messages (HO)
)
Package pdftexcmds Info: \pdf@primitive is available.
Package pdftexcmds Info: \pdf@ifprimitive is available.
Package pdftexcmds Info: \pdfdraftmode found.
) (C:\Users\renzo\AppData\Local\Programs\MiKTeX\tex/generic/kvsetkeys\kvsetkeys.sty
Package: kvsetkeys 2019/12/15 v1.18 Key value parser (HO)
) (C:\Users\renzo\AppData\Local\Programs\MiKTeX\tex/generic/kvdefinekeys\kvdefinekeys.sty
Package: kvdefinekeys 2019-12-19 v1.6 Define keys (HO)
) (C:\Users\renzo\AppData\Local\Programs\MiKTeX\tex/generic/pdfescape\pdfescape.sty
Package: pdfescape 2019/12/09 v1.15 Implements pdfTeX's escape features (HO)
) (C:\Users\renzo\AppData\Local\Programs\MiKTeX\tex/latex/hycolor\hycolor.sty
Package: hycolor 2020-01-27 v1.10 Color options for hyperref/bookmark (HO)
) (C:\Users\renzo\AppData\Local\Programs\MiKTeX\tex/latex/letltxmacro\letltxmacro.sty
Package: letltxmacro 2019/12/03 v1.6 Let assignment for LaTeX macros (HO)
) (C:\Users\renzo\AppData\Local\Programs\MiKTeX\tex/latex/auxhook\auxhook.sty
Package: auxhook 2019-12-17 v1.6 Hooks for auxiliary files (HO)
) (C:\Users\renzo\AppData\Local\Programs\MiKTeX\tex/latex/kvoptions\kvoptions.sty
Package: kvoptions 2020-10-07 v3.14 Key value format for package options (HO)
)
\@linkdim=\dimen169
\Hy@linkcounter=\count285
\Hy@pagecounter=\count286
 (C:\Users\renzo\AppData\Local\Programs\MiKTeX\tex/latex/hyperref\pd1enc.def
File: pd1enc.def 2022-02-21 v7.00n Hyperref: PDFDocEncoding definition (HO)
Now handling font encoding PD1 ...
... no UTF-8 mapping file for font encoding PD1
) (C:\Users\renzo\AppData\Local\Programs\MiKTeX\tex/generic/intcalc\intcalc.sty
Package: intcalc 2019/12/15 v1.3 Expandable calculations with integers (HO)
) (C:\Users\renzo\AppData\Local\Programs\MiKTeX\tex/generic/etexcmds\etexcmds.sty
Package: etexcmds 2019/12/15 v1.7 Avoid name clashes with e-TeX commands (HO)
)
\Hy@SavedSpaceFactor=\count287
 (C:\Users\renzo\AppData\Local\Programs\MiKTeX\tex/latex/hyperref\puenc.def
File: puenc.def 2022-02-21 v7.00n Hyperref: PDF Unicode definition (HO)
Now handling font encoding PU ...
... no UTF-8 mapping file for font encoding PU
)
Package hyperref Info: Hyper figures OFF on input line 4137.
Package hyperref Info: Link nesting OFF on input line 4142.
Package hyperref Info: Hyper index ON on input line 4145.
Package hyperref Info: Plain pages OFF on input line 4152.
Package hyperref Info: Backreferencing ON on input line 4155.
Package hyperref Info: Implicit mode ON; LaTeX internals redefined.
Package hyperref Info: Bookmarks ON on input line 4390.
 (C:\Users\renzo\AppData\Local\Programs\MiKTeX\tex/latex/hyperref\backref.sty
Package: backref 2021/02/04 v1.41 Bibliographical back referencing
 (C:\Users\renzo\AppData\Local\Programs\MiKTeX\tex/latex/rerunfilecheck\rerunfilecheck.sty
Package: rerunfilecheck 2019/12/05 v1.9 Rerun checks for auxiliary files (HO)
 (C:\Users\renzo\AppData\Local\Programs\MiKTeX\tex/latex/base\atveryend-ltx.sty
Package: atveryend-ltx 2020/08/19 v1.0a Emulation of the original atveryend package
with kernel methods
) (C:\Users\renzo\AppData\Local\Programs\MiKTeX\tex/generic/uniquecounter\uniquecounter.sty
Package: uniquecounter 2019/12/15 v1.4 Provide unlimited unique counter (HO)
 (C:\Users\renzo\AppData\Local\Programs\MiKTeX\tex/generic/bigintcalc\bigintcalc.sty
Package: bigintcalc 2019/12/15 v1.5 Expandable calculations on big integers (HO)
))
Package uniquecounter Info: New unique counter `rerunfilecheck' on input line 286.
))
\c@Hy@tempcnt=\count288
 (C:\Users\renzo\AppData\Local\Programs\MiKTeX\tex/latex/url\url.sty
\Urlmuskip=\muskip17
Package: url 2013/09/16  ver 3.4  Verb mode for urls, etc.
)
LaTeX Info: Redefining \url on input line 4749.
\XeTeXLinkMargin=\dimen170
 (C:\Users\renzo\AppData\Local\Programs\MiKTeX\tex/generic/bitset\bitset.sty
Package: bitset 2019/12/09 v1.3 Handle bit-vector datatype (HO)
)
\Fld@menulength=\count289
\Field@Width=\dimen171
\Fld@charsize=\dimen172
Package hyperref Info: Hyper figures OFF on input line 6027.
Package hyperref Info: Link nesting OFF on input line 6032.
Package hyperref Info: Hyper index ON on input line 6035.
Package hyperref Info: backreferencing ON on input line 6040.
Package hyperref Info: Link coloring OFF on input line 6047.
Package hyperref Info: Link coloring with OCG OFF on input line 6052.
Package hyperref Info: PDF/A mode OFF on input line 6057.
LaTeX Info: Redefining \ref on input line 6097.
LaTeX Info: Redefining \pageref on input line 6101.
 (C:\Users\renzo\AppData\Local\Programs\MiKTeX\tex/latex/base\atbegshi-ltx.sty
Package: atbegshi-ltx 2021/01/10 v1.0c Emulation of the original atbegshi
package with kernel methods
)
\Hy@abspage=\count290
\c@Item=\count291
\c@Hfootnote=\count292
)
Package hyperref Info: Driver (autodetected): hpdftex.
 (C:\Users\renzo\AppData\Local\Programs\MiKTeX\tex/latex/hyperref\hpdftex.def
File: hpdftex.def 2022-02-21 v7.00n Hyperref driver for pdfTeX
\Fld@listcount=\count293
\c@bookmark@seq@number=\count294
\Hy@SectionHShift=\skip64
)
Package hyperref Info: Option `colorlinks' set `true' on input line 81.
LaTeX Info: Redefining \es@scroman on input line 95.
\imsizeL=\skip65
\imsize=\skip66
\imsizeS=\skip67
) (ibextra.sty (C:\Users\renzo\AppData\Local\Programs\MiKTeX\tex/latex/natbib\natbib.sty
Package: natbib 2010/09/13 8.31b (PWD, AO)
\bibhang=\skip68
\bibsep=\skip69
LaTeX Info: Redefining \cite on input line 694.
\c@NAT@ctr=\count295
)) (C:\Users\renzo\AppData\Local\Programs\MiKTeX\tex/latex/physics\physics.sty
Package: physics 
 (C:\Users\renzo\AppData\Local\Programs\MiKTeX\tex/latex/l3packages/xparse\xparse.sty (C:\Users\renzo\AppData\Local\Programs\MiKTeX\tex/latex/l3kernel\expl3.sty
Package: expl3 2022-04-10 L3 programming layer (loader) 
 (C:\Users\renzo\AppData\Local\Programs\MiKTeX\tex/latex/l3backend\l3backend-pdftex.def
File: l3backend-pdftex.def 2022-04-14 L3 backend support: PDF output (pdfTeX)
\l__color_backend_stack_int=\count296
\l__pdf_internal_box=\box52
))
Package: xparse 2022-01-12 L3 Experimental document command parser
)) (C:\Users\renzo\AppData\Local\Programs\MiKTeX\tex/latex/doublestroke\dsfont.sty
Package: dsfont 1995/08/01 v0.1 Double stroke roman fonts
) (C:\Users\renzo\AppData\Local\Programs\MiKTeX\tex/latex/tools\multicol.sty
Package: multicol 2021/10/28 v1.9b multicolumn formatting (FMi)
\c@tracingmulticols=\count297
\mult@box=\box53
\multicol@leftmargin=\dimen173
\c@unbalance=\count298
\c@collectmore=\count299
\doublecol@number=\count300
\multicoltolerance=\count301
\multicolpretolerance=\count302
\full@width=\dimen174
\page@free=\dimen175
\premulticols=\dimen176
\postmulticols=\dimen177
\multicolsep=\skip70
\multicolbaselineskip=\skip71
\partial@page=\box54
\last@line=\box55
\maxbalancingoverflow=\dimen178
\mult@rightbox=\box56
\mult@grightbox=\box57
\mult@firstbox=\box58
\mult@gfirstbox=\box59
\@tempa=\box60
\@tempa=\box61
\@tempa=\box62
\@tempa=\box63
\@tempa=\box64
\@tempa=\box65
\@tempa=\box66
\@tempa=\box67
\@tempa=\box68
\@tempa=\box69
\@tempa=\box70
\@tempa=\box71
\@tempa=\box72
\@tempa=\box73
\@tempa=\box74
\@tempa=\box75
\@tempa=\box76
\@tempa=\box77
\@tempa=\box78
\@tempa=\box79
\@tempa=\box80
\@tempa=\box81
\@tempa=\box82
\@tempa=\box83
\@tempa=\box84
\@tempa=\box85
\@tempa=\box86
\@tempa=\box87
\@tempa=\box88
\@tempa=\box89
\@tempa=\box90
\@tempa=\box91
\@tempa=\box92
\@tempa=\box93
\@tempa=\box94
\@tempa=\box95
\c@minrows=\count303
\c@columnbadness=\count304
\c@finalcolumnbadness=\count305
\last@try=\dimen179
\multicolovershoot=\dimen180
\multicolundershoot=\dimen181
\mult@nat@firstbox=\box96
\colbreak@box=\box97
\mc@col@check@num=\count306
) (C:\Users\renzo\AppData\Local\Programs\MiKTeX\tex/latex/float\float.sty
Package: float 2001/11/08 v1.3d Float enhancements (AL)
\c@float@type=\count307
\float@exts=\toks24
\float@box=\box98
\@float@everytoks=\toks25
\@floatcapt=\box99
) (C:\Users\renzo\AppData\Local\Programs\MiKTeX\tex/latex/amscls\amsthm.sty
Package: amsthm 2020/05/29 v2.20.6
\thm@style=\toks26
\thm@bodyfont=\toks27
\thm@headfont=\toks28
\thm@notefont=\toks29
\thm@headpunct=\toks30
\thm@preskip=\skip72
\thm@postskip=\skip73
\thm@headsep=\skip74
\dth@everypar=\toks31
) (C:\Users\renzo\AppData\Local\Programs\MiKTeX\tex/latex/amsfonts\amssymb.sty
Package: amssymb 2013/01/14 v3.01 AMS font symbols
 (C:\Users\renzo\AppData\Local\Programs\MiKTeX\tex/latex/amsfonts\amsfonts.sty
Package: amsfonts 2013/01/14 v3.01 Basic AMSFonts support
\symAMSa=\mathgroup7
\symAMSb=\mathgroup8
LaTeX Font Info:    Redeclaring math symbol \hbar on input line 98.
LaTeX Font Info:    Overwriting math alphabet `\mathfrak' in version `bold'
(Font)                  U/euf/m/n --> U/euf/b/n on input line 106.
)) (C:\Users\renzo\AppData\Local\Programs\MiKTeX\tex/latex/jknappen\mathrsfs.sty
Package: mathrsfs 1996/01/01 Math RSFS package v1.0 (jk)
\symrsfs=\mathgroup9
) (C:\Users\renzo\AppData\Local\Programs\MiKTeX\tex/latex/booktabs\booktabs.sty
Package: booktabs 2020/01/12 v1.61803398 Publication quality tables
\heavyrulewidth=\dimen182
\lightrulewidth=\dimen183
\cmidrulewidth=\dimen184
\belowrulesep=\dimen185
\belowbottomsep=\dimen186
\aboverulesep=\dimen187
\abovetopsep=\dimen188
\cmidrulesep=\dimen189
\cmidrulekern=\dimen190
\defaultaddspace=\dimen191
\@cmidla=\count308
\@cmidlb=\count309
\@aboverulesep=\dimen192
\@belowrulesep=\dimen193
\@thisruleclass=\count310
\@lastruleclass=\count311
\@thisrulewidth=\dimen194
) (C:\Users\renzo\AppData\Local\Programs\MiKTeX\tex/latex/appendix\appendix.sty
Package: appendix 2020/02/08 v1.2c extra appendix facilities
\c@@pps=\count312
\c@@ppsavesec=\count313
\c@@ppsaveapp=\count314
) (C:\Users\renzo\AppData\Local\Programs\MiKTeX\tex/latex/caption\subcaption.sty
Package: subcaption 2022/01/07 v1.5 Sub-captions (AR)
\c@subfigure=\count315
\c@subtable=\count316
) (C:\Users\renzo\AppData\Local\Programs\MiKTeX\tex/latex/csquotes\csquotes.sty
Package: csquotes 2021-02-22 v5.2l context-sensitive quotations (JAW)
 (C:\Users\renzo\AppData\Local\Programs\MiKTeX\tex/latex/etoolbox\etoolbox.sty
Package: etoolbox 2020/10/05 v2.5k e-TeX tools for LaTeX (JAW)
\etb@tempcnta=\count317
)
\csq@reset=\count318
\csq@gtype=\count319
\csq@glevel=\count320
\csq@qlevel=\count321
\csq@maxlvl=\count322
\csq@tshold=\count323
\csq@ltx@everypar=\toks32
 (C:\Users\renzo\AppData\Local\Programs\MiKTeX\tex/latex/csquotes\csquotes.def
File: csquotes.def 2021-02-22 v5.2l csquotes generic definitions (JAW)
)
Package csquotes Info: Trying to load configuration file 'csquotes.cfg'...
Package csquotes Info: ... configuration file loaded successfully.
 (C:\Users\renzo\AppData\Local\Programs\MiKTeX\tex/latex/csquotes\csquotes.cfg
File: csquotes.cfg 
)) (C:\Users\renzo\AppData\Local\Programs\MiKTeX\tex/latex/listings\listings.sty
\lst@mode=\count324
\lst@gtempboxa=\box100
\lst@token=\toks33
\lst@length=\count325
\lst@currlwidth=\dimen195
\lst@column=\count326
\lst@pos=\count327
\lst@lostspace=\dimen196
\lst@width=\dimen197
\lst@newlines=\count328
\lst@lineno=\count329
\lst@maxwidth=\dimen198
 (C:\Users\renzo\AppData\Local\Programs\MiKTeX\tex/latex/listings\lstmisc.sty
File: lstmisc.sty 2020/03/24 1.8d (Carsten Heinz)
\c@lstnumber=\count330
\lst@skipnumbers=\count331
\lst@framebox=\box101
) (C:\Users\renzo\AppData\Local\Programs\MiKTeX\tex/latex/listings\listings.cfg
File: listings.cfg 2020/03/24 1.8d listings configuration
))
Package: listings 2020/03/24 1.8d (Carsten Heinz)
Package csquotes Info: Checking for multilingual support...
Package csquotes Info: ... found 'babel' package.
Package csquotes Info: Adjusting default style.
Package csquotes Info: Redefining alias 'default' -> 'spanish'.


LaTeX Warning: Unused global option(s):
    [12pt,twoside,openany].

(template.aux
LaTeX Info: Redefining \. on input line 26.
LaTeX Info: Redefining \% on input line 26.
 (resumen.aux
LaTeX Info: Redefining \. on input line 6.
LaTeX Info: Redefining \% on input line 6.
) (cap4.aux) (apend1.aux))
\openout1 = `template.aux'.

LaTeX Font Info:    Checking defaults for OML/cmm/m/it on input line 51.
LaTeX Font Info:    ... okay on input line 51.
LaTeX Font Info:    Checking defaults for OMS/cmsy/m/n on input line 51.
LaTeX Font Info:    ... okay on input line 51.
LaTeX Font Info:    Checking defaults for OT1/cmr/m/n on input line 51.
LaTeX Font Info:    ... okay on input line 51.
LaTeX Font Info:    Checking defaults for T1/cmr/m/n on input line 51.
LaTeX Font Info:    ... okay on input line 51.
LaTeX Font Info:    Checking defaults for TS1/cmr/m/n on input line 51.
LaTeX Font Info:    ... okay on input line 51.
LaTeX Font Info:    Checking defaults for OMX/cmex/m/n on input line 51.
LaTeX Font Info:    ... okay on input line 51.
LaTeX Font Info:    Checking defaults for U/cmr/m/n on input line 51.
LaTeX Font Info:    ... okay on input line 51.
LaTeX Font Info:    Checking defaults for PD1/pdf/m/n on input line 51.
LaTeX Font Info:    ... okay on input line 51.
LaTeX Font Info:    Checking defaults for PU/pdf/m/n on input line 51.
LaTeX Font Info:    ... okay on input line 51.
LaTeX Info: Redefining \. on input line 51.
LaTeX Info: Redefining \% on input line 51.
Package caption Info: Begin \AtBeginDocument code.
Package caption Info: changepage package is loaded.
\caption@adjustwidth@hsize=\dimen199
\caption@adjustwidth@linewidth=\dimen256
Package caption Info: float package is loaded.
Package caption Info: hyperref package is loaded.
Package caption Info: listings package is loaded.
Package caption Info: End \AtBeginDocument code.
 (C:\Users\renzo\AppData\Local\Programs\MiKTeX\tex/context/base/mkii\supp-pdf.mkii
[Loading MPS to PDF converter (version 2006.09.02).]
\scratchcounter=\count332
\scratchdimen=\dimen257
\scratchbox=\box102
\nofMPsegments=\count333
\nofMParguments=\count334
\everyMPshowfont=\toks34
\MPscratchCnt=\count335
\MPscratchDim=\dimen258
\MPnumerator=\count336
\makeMPintoPDFobject=\count337
\everyMPtoPDFconversion=\toks35
) (C:\Users\renzo\AppData\Local\Programs\MiKTeX\tex/latex/epstopdf-pkg\epstopdf-base.sty
Package: epstopdf-base 2020-01-24 v2.11 Base part for package epstopdf
Package epstopdf-base Info: Redefining graphics rule for `.eps' on input line 485.
 (C:\Users\renzo\AppData\Local\Programs\MiKTeX\tex/latex/00miktex\epstopdf-sys.cfg
File: epstopdf-sys.cfg 2021/03/18 v2.0 Configuration of epstopdf for MiKTeX
))
*geometry* driver: auto-detecting
*geometry* detected driver: pdftex
*geometry* verbose mode - [ preamble ] result:
* driver: pdftex
* paper: a4paper
* layout: <same size as paper>
* layoutoffset:(h,v)=(0.0pt,0.0pt)
* hratio: 1:1
* modes: includefoot twoside 
* h-part:(L,W,R)=(78.24507pt, 441.01772pt, 78.24509pt)
* v-part:(T,H,B)=(85.35826pt, 728.39055pt, 31.29803pt)
* \paperwidth=597.50787pt
* \paperheight=845.04684pt
* \textwidth=441.01772pt
* \textheight=698.39055pt
* \oddsidemargin=5.97508pt
* \evensidemargin=5.9751pt
* \topmargin=-18.78552pt
* \headheight=15.6pt
* \headsep=19.8738pt
* \topskip=12.0pt
* \footskip=30.0pt
* \marginparwidth=98.0pt
* \marginparsep=7.0pt
* \columnsep=10.0pt
* \skip\footins=10.8pt plus 4.0pt minus 2.0pt
* \hoffset=0.0pt
* \voffset=0.0pt
* \mag=1000
* \@twocolumnfalse
* \@twosidetrue
* \@mparswitchtrue
* \@reversemarginfalse
* (1in=72.27pt=25.4mm, 1cm=28.453pt)

Package backref Info: ** backref set up for natbib ** on input line 51.
Package hyperref Info: Link coloring ON on input line 51.
(C:\Users\renzo\AppData\Local\Programs\MiKTeX\tex/latex/hyperref\nameref.sty
Package: nameref 2021-04-02 v2.47 Cross-referencing by name of section
 (C:\Users\renzo\AppData\Local\Programs\MiKTeX\tex/latex/refcount\refcount.sty
Package: refcount 2019/12/15 v3.6 Data extraction from label references (HO)
) (C:\Users\renzo\AppData\Local\Programs\MiKTeX\tex/generic/gettitlestring\gettitlestring.sty
Package: gettitlestring 2019/12/15 v1.6 Cleanup title references (HO)
)
\c@section@level=\count338
)
LaTeX Info: Redefining \ref on input line 51.
LaTeX Info: Redefining \pageref on input line 51.
LaTeX Info: Redefining \nameref on input line 51.
 (template.out) (template.out)
\@outlinefile=\write3
\openout3 = `template.out'.

\c@lstlisting=\count339
LaTeX Font Info:    Trying to load font information for U+msa on input line 56.
 (C:\Users\renzo\AppData\Local\Programs\MiKTeX\tex/latex/amsfonts\umsa.fd
File: umsa.fd 2013/01/14 v3.01 AMS symbols A
)
LaTeX Font Info:    Trying to load font information for U+msb on input line 56.
 (C:\Users\renzo\AppData\Local\Programs\MiKTeX\tex/latex/amsfonts\umsb.fd
File: umsb.fd 2013/01/14 v3.01 AMS symbols B
)
LaTeX Font Info:    Trying to load font information for U+rsfs on input line 56.
 (C:\Users\renzo\AppData\Local\Programs\MiKTeX\tex/latex/jknappen\ursfs.fd
File: ursfs.fd 1998/03/24 rsfs font definition file (jk)
) [1



{C:/Users/renzo/AppData/Local/MiKTeX/fonts/map/pdftex/pdftex.map}] [2

] [3] [4

] (template.toc
LaTeX Info: Redefining \. on input line 1.
LaTeX Info: Redefining \% on input line 1.
LaTeX Info: Redefining \. on input line 9.
LaTeX Info: Redefining \% on input line 9.
 [5


])
\tf@toc=\write4
\openout4 = `template.toc'.

LaTeX Info: Redefining \. on input line 69.
LaTeX Info: Redefining \% on input line 69.
 [6] [7


] [8

] (template.lof
LaTeX Info: Redefining \. on input line 1.
LaTeX Info: Redefining \% on input line 1.
LaTeX Info: Redefining \. on input line 3.
LaTeX Info: Redefining \% on input line 3.

Underfull \vbox (badness 3302) has occurred while \output is active []

 [9


])
\tf@lof=\write5
\openout5 = `template.lof'.

LaTeX Info: Redefining \. on input line 99.
LaTeX Info: Redefining \% on input line 99.
 [10] (template.lot
LaTeX Info: Redefining \. on input line 1.
LaTeX Info: Redefining \% on input line 1.
LaTeX Info: Redefining \. on input line 3.
LaTeX Info: Redefining \% on input line 3.
)
\tf@lot=\write6
\openout6 = `template.lot'.

 [11


]
\openout2 = `resumen.aux'.

 (resumen.tex [12


] [13

] [14

]
LaTeX Info: Redefining \. on input line 23.
LaTeX Info: Redefining \% on input line 23.
 [15


] [16

]
LaTeX Info: Redefining \. on input line 23.
LaTeX Info: Redefining \% on input line 23.
) (cap1.tex
Cap\'{\i }tulo 1.
[1
\babel@aux{english}{}
\babel@aux{spanish}{}




]) (cap2.tex
LaTeX Info: Redefining \. on input line 1.
LaTeX Info: Redefining \% on input line 1.
 [2]
Cap\'{\i }tulo 2.
[3

]
<figs//SIR.pdf, id=353, 506.03427pt x 323.15105pt>
File: figs//SIR.pdf Graphic file (type pdf)
<use figs//SIR.pdf>
Package pdftex.def Info: figs//SIR.pdf  used on input line 41.
(pdftex.def)             Requested size: 396.91324pt x 253.46701pt.
LaTeX Info: Redefining \. on input line 58.
LaTeX Info: Redefining \% on input line 58.
 [4 <./figs//SIR.pdf>]
LaTeX Font Info:    Trying to load font information for U+lasy on input line 73.
 (C:\Users\renzo\AppData\Local\Programs\MiKTeX\tex/latex/base\ulasy.fd
File: ulasy.fd 1998/08/17 v2.2e LaTeX symbol font definitions
)
Underfull \vbox (badness 10000) has occurred while \output is active []

LaTeX Info: Redefining \. on input line 83.
LaTeX Info: Redefining \% on input line 83.
 [5]
LaTeX Info: Redefining \. on input line 115.
LaTeX Info: Redefining \% on input line 115.
 [6]
LaTeX Font Info:    Trying to load font information for U+dsrom on input line 145.
 (C:\Users\renzo\AppData\Local\Programs\MiKTeX\tex/latex/doublestroke\udsrom.fd
File: Udsrom.fd 1995/08/01 v0.1 Double stroke roman font definitions
)
LaTeX Info: Redefining \. on input line 149.
LaTeX Info: Redefining \% on input line 149.
 [7]
Underfull \vbox (badness 10000) has occurred while \output is active []

LaTeX Info: Redefining \. on input line 180.
LaTeX Info: Redefining \% on input line 180.
 [8]
Underfull \vbox (badness 5696) has occurred while \output is active []

LaTeX Info: Redefining \. on input line 213.
LaTeX Info: Redefining \% on input line 213.
 [9]
Underfull \vbox (badness 10000) has occurred while \output is active []

LaTeX Info: Redefining \. on input line 250.
LaTeX Info: Redefining \% on input line 250.
 [10]
<figs//heterogeneidad_dicot_aleatoria.pdf, id=494, 841.44362pt x 232.88712pt>
File: figs//heterogeneidad_dicot_aleatoria.pdf Graphic file (type pdf)
<use figs//heterogeneidad_dicot_aleatoria.pdf>
Package pdftex.def Info: figs//heterogeneidad_dicot_aleatoria.pdf  used on input line 285.
(pdftex.def)             Requested size: 441.01772pt x 122.06145pt.
LaTeX Info: Redefining \. on input line 296.
LaTeX Info: Redefining \% on input line 296.
 [11]
<figs//smoth_step.pdf, id=507, 656.65326pt x 293.63339pt>
File: figs//smoth_step.pdf Graphic file (type pdf)
<use figs//smoth_step.pdf>
Package pdftex.def Info: figs//smoth_step.pdf  used on input line 310.
(pdftex.def)             Requested size: 286.65881pt x 128.1865pt.
LaTeX Info: Redefining \. on input line 319.
LaTeX Info: Redefining \% on input line 319.
 [12 <./figs//heterogeneidad_dicot_aleatoria.pdf> <./figs//smoth_step.pdf

pdfTeX warning: pdflatex (file ./figs//smoth_step.pdf): PDF inclusion: multiple pdfs with page group included in a single page
>]
<figs//het_suav.pdf, id=588, 877.07674pt x 232.88712pt>
File: figs//het_suav.pdf Graphic file (type pdf)
<use figs//het_suav.pdf>
Package pdftex.def Info: figs//het_suav.pdf  used on input line 322.
(pdftex.def)             Requested size: 441.01772pt x 117.10068pt.
<figs//nsmoth_step.pdf, id=592, 891.15558pt x 232.88712pt>
File: figs//nsmoth_step.pdf Graphic file (type pdf)
<use figs//nsmoth_step.pdf>
Package pdftex.def Info: figs//nsmoth_step.pdf  used on input line 339.
(pdftex.def)             Requested size: 441.01772pt x 115.25282pt.
LaTeX Info: Redefining \. on input line 352.
LaTeX Info: Redefining \% on input line 352.
 [13 <./figs//het_suav.pdf> <./figs//nsmoth_step.pdf

pdfTeX warning: pdflatex (file ./figs//nsmoth_step.pdf): PDF inclusion: multiple pdfs with page group included in a single page
>]
<figs//het_suav_dico.pdf, id=698, 853.61407pt x 245.05757pt>
File: figs//het_suav_dico.pdf Graphic file (type pdf)
<use figs//het_suav_dico.pdf>
Package pdftex.def Info: figs//het_suav_dico.pdf  used on input line 361.
(pdftex.def)             Requested size: 441.01772pt x 126.60802pt.
<figs//nsmoth_dic_step.pdf, id=700, 856.6203pt x 232.88712pt>
File: figs//nsmoth_dic_step.pdf Graphic file (type pdf)
<use figs//nsmoth_dic_step.pdf>
Package pdftex.def Info: figs//nsmoth_dic_step.pdf  used on input line 371.
(pdftex.def)             Requested size: 441.01772pt x 119.90088pt.
) (cap3.tex
LaTeX Info: Redefining \. on input line 1.
LaTeX Info: Redefining \% on input line 1.
 [14 <./figs//het_suav_dico.pdf> <./figs//nsmoth_dic_step.pdf

pdfTeX warning: pdflatex (file ./figs//nsmoth_dic_step.pdf): PDF inclusion: multiple pdfs with page group included in a single page
>]
Cap\'{\i }tulo 3.

Underfull \vbox (badness 2529) has occurred while \output is active []

 [15

]
<figs//hom_case_tevol.pdf, id=823, 1612.62473pt x 574.58543pt>
File: figs//hom_case_tevol.pdf Graphic file (type pdf)
<use figs//hom_case_tevol.pdf>
Package pdftex.def Info: figs//hom_case_tevol.pdf  used on input line 43.
(pdftex.def)             Requested size: 396.91324pt x 141.41907pt.
<figs//u_cm(t).pdf, id=828, 633.56389pt x 300.09427pt>
File: figs//u_cm(t).pdf Graphic file (type pdf)
<use figs//u_cm(t).pdf>
Package pdftex.def Info: figs//u_cm(t).pdf  used on input line 57.
(pdftex.def)             Requested size: 396.91324pt x 188.00719pt.
LaTeX Info: Redefining \. on input line 62.
LaTeX Info: Redefining \% on input line 62.
 [16 <./figs//hom_case_tevol.pdf>]
<figs//f_I(x)_hom.pdf, id=877, 611.59117pt x 294.25996pt>
File: figs//f_I(x)_hom.pdf Graphic file (type pdf)
<use figs//f_I(x)_hom.pdf>
Package pdftex.def Info: figs//f_I(x)_hom.pdf  used on input line 69.
(pdftex.def)             Requested size: 396.91324pt x 190.97484pt.
<figs//hetal_case_tevol.pdf, id=883, 1612.62473pt x 574.58543pt>
File: figs//hetal_case_tevol.pdf Graphic file (type pdf)
<use figs//hetal_case_tevol.pdf>
Package pdftex.def Info: figs//hetal_case_tevol.pdf  used on input line 88.
(pdftex.def)             Requested size: 396.91324pt x 141.41907pt.

Underfull \vbox (badness 5563) has occurred while \output is active []

LaTeX Info: Redefining \. on input line 92.
LaTeX Info: Redefining \% on input line 92.
 [17 <./figs//u_cm(t).pdf> <./figs//f_I(x)_hom.pdf

pdfTeX warning: pdflatex (file ./figs//f_I(x)_hom.pdf): PDF inclusion: multiple pdfs with page group included in a single page
>]
LaTeX Info: Redefining \. on input line 104.
LaTeX Info: Redefining \% on input line 104.
 [18 <./figs//hetal_case_tevol.pdf>]
<figs//u_cm(t)_hetal.pdf, id=1028, 587.8546pt x 304.9725pt>
File: figs//u_cm(t)_hetal.pdf Graphic file (type pdf)
<use figs//u_cm(t)_hetal.pdf>
Package pdftex.def Info: figs//u_cm(t)_hetal.pdf  used on input line 107.
(pdftex.def)             Requested size: 396.91324pt x 205.91734pt.
<figs//rugosidad.pdf, id=1029, 586.77243pt x 303.01205pt>
File: figs//rugosidad.pdf Graphic file (type pdf)
<use figs//rugosidad.pdf>
Package pdftex.def Info: figs//rugosidad.pdf  used on input line 113.
(pdftex.def)             Requested size: 396.91324pt x 204.9728pt.
LaTeX Info: Redefining \. on input line 126.
LaTeX Info: Redefining \% on input line 126.
 [19 <./figs//u_cm(t)_hetal.pdf> <./figs//rugosidad.pdf

pdfTeX warning: pdflatex (file ./figs//rugosidad.pdf): PDF inclusion: multiple pdfs with page group included in a single page
>]
<figs//velocidad_p.pdf, id=1093, 867.24pt x 433.62pt>
File: figs//velocidad_p.pdf Graphic file (type pdf)
<use figs//velocidad_p.pdf>
Package pdftex.def Info: figs//velocidad_p.pdf  used on input line 137.
(pdftex.def)             Requested size: 396.91324pt x 198.45529pt.


LaTeX Warning: No positions in optional float specifier.
               Default added (so using `tbp') on input line 146.

LaTeX Info: Redefining \. on input line 168.
LaTeX Info: Redefining \% on input line 168.
[20 <./figs//velocidad_p.pdf>]
<figs//amplitud_p.pdf, id=1149, 867.24pt x 433.62pt>
File: figs//amplitud_p.pdf Graphic file (type pdf)
<use figs//amplitud_p.pdf>
Package pdftex.def Info: figs//amplitud_p.pdf  used on input line 187.
(pdftex.def)             Requested size: 396.91324pt x 198.45529pt.
LaTeX Info: Redefining \. on input line 196.
LaTeX Info: Redefining \% on input line 196.
 [21 <./figs//amplitud_p.pdf>]
<figs//suavizada_tevol.pdf, id=1210, 1612.62473pt x 574.58543pt>
File: figs//suavizada_tevol.pdf Graphic file (type pdf)
<use figs//suavizada_tevol.pdf>
Package pdftex.def Info: figs//suavizada_tevol.pdf  used on input line 225.
(pdftex.def)             Requested size: 396.91324pt x 141.41907pt.


LaTeX Warning: `h' float specifier changed to `ht'.

<figs//suavizada_dic_tevol.pdf, id=1211, 1612.62473pt x 574.58543pt>
File: figs//suavizada_dic_tevol.pdf Graphic file (type pdf)
<use figs//suavizada_dic_tevol.pdf>
Package pdftex.def Info: figs//suavizada_dic_tevol.pdf  used on input line 232.
(pdftex.def)             Requested size: 396.91324pt x 141.41907pt.

LaTeX Warning: `h' float specifier changed to `ht'.

LaTeX Info: Redefining \. on input line 241.
LaTeX Info: Redefining \% on input line 241.
[22]
<figs//ucm_s.pdf, id=1219, 587.8546pt x 304.9725pt>
File: figs//ucm_s.pdf Graphic file (type pdf)
<use figs//ucm_s.pdf>
Package pdftex.def Info: figs//ucm_s.pdf  used on input line 248.
(pdftex.def)             Requested size: 396.91324pt x 205.91734pt.


LaTeX Warning: `h' float specifier changed to `ht'.

<figs//ucm_sd.pdf, id=1220, 587.8546pt x 304.9725pt>
File: figs//ucm_sd.pdf Graphic file (type pdf)
<use figs//ucm_sd.pdf>
Package pdftex.def Info: figs//ucm_sd.pdf  used on input line 254.
(pdftex.def)             Requested size: 396.91324pt x 205.91734pt.

LaTeX Warning: `h' float specifier changed to `ht'.

<figs//c_all.pdf, id=1224, 625.07907pt x 310.50882pt>
File: figs//c_all.pdf Graphic file (type pdf)
<use figs//c_all.pdf>
Package pdftex.def Info: figs//c_all.pdf  used on input line 267.
(pdftex.def)             Requested size: 396.91324pt x 197.1709pt.

LaTeX Warning: `h' float specifier changed to `ht'.

LaTeX Info: Redefining \. on input line 278.
LaTeX Info: Redefining \% on input line 278.
[23 <./figs//suavizada_tevol.pdf> <./figs//suavizada_dic_tevol.pdf

pdfTeX warning: pdflatex (file ./figs//suavizada_dic_tevol.pdf): PDF inclusion: multiple pdfs with page group included in a single page
>]
LaTeX Info: Redefining \. on input line 287.
LaTeX Info: Redefining \% on input line 287.
 [24 <./figs//ucm_s.pdf> <./figs//ucm_sd.pdf

pdfTeX warning: pdflatex (file ./figs//ucm_sd.pdf): PDF inclusion: multiple pdfs with page group included in a single page
>]
<figs//beta_al_zoom.pdf, id=1367, 608.09367pt x 283.56439pt>
File: figs//beta_al_zoom.pdf Graphic file (type pdf)
<use figs//beta_al_zoom.pdf>
Package pdftex.def Info: figs//beta_al_zoom.pdf  used on input line 290.
(pdftex.def)             Requested size: 308.71104pt x 143.96257pt.
<figs//beta_dic_zoom.pdf, id=1368, 608.09367pt x 283.56439pt>
File: figs//beta_dic_zoom.pdf Graphic file (type pdf)
<use figs//beta_dic_zoom.pdf>
Package pdftex.def Info: figs//beta_dic_zoom.pdf  used on input line 297.
(pdftex.def)             Requested size: 308.71104pt x 143.96257pt.

Underfull \vbox (badness 10000) has occurred while \output is active []

LaTeX Info: Redefining \. on input line 302.
LaTeX Info: Redefining \% on input line 302.
 [25 <./figs//c_all.pdf> <./figs//beta_al_zoom.pdf

pdfTeX warning: pdflatex (file ./figs//beta_al_zoom.pdf): PDF inclusion: multiple pdfs with page group included in a single page
>]
<figs//I_all.pdf, id=1443, 625.07907pt x 310.50882pt>
File: figs//I_all.pdf Graphic file (type pdf)
<use figs//I_all.pdf>
Package pdftex.def Info: figs//I_all.pdf  used on input line 334.
(pdftex.def)             Requested size: 396.91324pt x 197.1709pt.
LaTeX Info: Redefining \. on input line 338.
LaTeX Info: Redefining \% on input line 338.
 [26 <./figs//beta_dic_zoom.pdf>]
LaTeX Info: Redefining \. on input line 366.
LaTeX Info: Redefining \% on input line 366.
 [27 <./figs//I_all.pdf>]
<figs//width_beta.pdf, id=1521, 628.7804pt x 262.17938pt>
File: figs//width_beta.pdf Graphic file (type pdf)
<use figs//width_beta.pdf>
Package pdftex.def Info: figs//width_beta.pdf  used on input line 370.
(pdftex.def)             Requested size: 396.91324pt x 165.50592pt.
<figs//factor.pdf, id=1522, 615.32387pt x 257.57625pt>
File: figs//factor.pdf Graphic file (type pdf)
<use figs//factor.pdf>
Package pdftex.def Info: figs//factor.pdf  used on input line 378.
(pdftex.def)             Requested size: 396.91324pt x 166.14915pt.
LaTeX Info: Redefining \. on input line 391.
LaTeX Info: Redefining \% on input line 391.
 [28 <./figs//width_beta.pdf> <./figs//factor.pdf

pdfTeX warning: pdflatex (file ./figs//factor.pdf): PDF inclusion: multiple pdfs with page group included in a single page
>]
<figs//S_1.pdf, id=1604, 621.20522pt x 305.49007pt>
File: figs//S_1.pdf Graphic file (type pdf)
<use figs//S_1.pdf>
Package pdftex.def Info: figs//S_1.pdf  used on input line 412.
(pdftex.def)             Requested size: 396.91324pt x 195.19133pt.
LaTeX Info: Redefining \. on input line 422.
LaTeX Info: Redefining \% on input line 422.
 [29 <./figs//S_1.pdf>])
LaTeX Info: Redefining \. on input line 110.
LaTeX Info: Redefining \% on input line 110.
 [30]
\openout2 = `cap4.aux'.

 (cap4.tex
Cap\'{\i }tulo 4.
) [31


]
\openout2 = `apend1.aux'.

 (apend1.tex
Ap\'{e}ndice A.
[32




]
Overfull \hbox (7.78166pt too wide) in paragraph at lines 40--42
[][][][][][][][][][][][][][][][][][][][][][][][][][][][][][][][][][][][][][][][][][][][][][][][][][][][][][][][][][][][][][][][][][][][][][][][][] 
 []


Overfull \hbox (7.78166pt too wide) in paragraph at lines 43--44
[][][][][][][][][][][][][][][][][][][][][][][][][][][][][][][][][][][][][][][][][][][][][][][][][][][][][][][][][][][][][][][][][][][][][][][][][] 
 []

<figs//t_vs_N.pdf, id=1658, 621.34637pt x 298.62065pt>
File: figs//t_vs_N.pdf Graphic file (type pdf)
<use figs//t_vs_N.pdf>
Package pdftex.def Info: figs//t_vs_N.pdf  used on input line 69.
(pdftex.def)             Requested size: 352.8155pt x 169.56393pt.
) [33 <./figs//t_vs_N.pdf>] [34



] (template.bbl (template.brf)
\tf@brf=\write7
\openout7 = `template.brf'.

 [35

])
LaTeX Info: Redefining \. on input line 117.
LaTeX Info: Redefining \% on input line 117.
 [36] [37




] [38

] (template.aux
LaTeX Info: Redefining \. on input line 26.
LaTeX Info: Redefining \% on input line 26.
 (resumen.aux
LaTeX Info: Redefining \. on input line 6.
LaTeX Info: Redefining \% on input line 6.
) (cap4.aux) (apend1.aux))
Package rerunfilecheck Info: File `template.out' has not changed.
(rerunfilecheck)             Checksum: 1830993C31F0E23A31E811C70CA8B653;4069.
Package rerunfilecheck Info: File `template.brf' has not changed.
(rerunfilecheck)             Checksum: 1727B8852FF910EE8568BF68E550B6C9;892.
 ) 
Here is how much of TeX's memory you used:
 18324 strings out of 478552
 293986 string characters out of 2841938
 639501 words of memory out of 3000000
 35984 multiletter control sequences out of 15000+600000
 488407 words of font info for 105 fonts, out of 8000000 for 9000
 1141 hyphenation exceptions out of 8191
 102i,13n,105p,497b,1067s stack positions out of 10000i,1000n,20000p,200000b,80000s
 <C:\Users\renzo\AppData\Local\MiKTeX\fonts/pk/ljfour/jknappen/ec/dpi600\tcrm0600.pk><C:/Users/renzo/AppData/Local/Programs/MiKTeX/fonts/type1/public/amsfonts/cm/cmbsy10.pfb><C:/Users/renzo/AppData/Local/Programs/MiKTeX/fonts/type1/public/amsfonts/cm/cmbx10.pfb><C:/Users/renzo/AppData/Local/Programs/MiKTeX/fonts/type1/public/amsfonts/cm/cmbx12.pfb><C:/Users/renzo/AppData/Local/Programs/MiKTeX/fonts/type1/public/amsfonts/cm/cmbx7.pfb><C:/Users/renzo/AppData/Local/Programs/MiKTeX/fonts/type1/public/amsfonts/cm/cmbx8.pfb><C:/Users/renzo/AppData/Local/Programs/MiKTeX/fonts/type1/public/amsfonts/cm/cmex10.pfb><C:/Users/renzo/AppData/Local/Programs/MiKTeX/fonts/type1/public/amsfonts/cm/cmmi10.pfb><C:/Users/renzo/AppData/Local/Programs/MiKTeX/fonts/type1/public/amsfonts/cm/cmmi12.pfb><C:/Users/renzo/AppData/Local/Programs/MiKTeX/fonts/type1/public/amsfonts/cm/cmmi5.pfb><C:/Users/renzo/AppData/Local/Programs/MiKTeX/fonts/type1/public/amsfonts/cm/cmmi6.pfb><C:/Users/renzo/AppData/Local/Programs/MiKTeX/fonts/type1/public/amsfonts/cm/cmmi7.pfb><C:/Users/renzo/AppData/Local/Programs/MiKTeX/fonts/type1/public/amsfonts/cm/cmmi8.pfb><C:/Users/renzo/AppData/Local/Programs/MiKTeX/fonts/type1/public/amsfonts/cm/cmr10.pfb><C:/Users/renzo/AppData/Local/Programs/MiKTeX/fonts/type1/public/amsfonts/cm/cmr12.pfb><C:/Users/renzo/AppData/Local/Programs/MiKTeX/fonts/type1/public/amsfonts/cm/cmr17.pfb><C:/Users/renzo/AppData/Local/Programs/MiKTeX/fonts/type1/public/amsfonts/cm/cmr6.pfb><C:/Users/renzo/AppData/Local/Programs/MiKTeX/fonts/type1/public/amsfonts/cm/cmr7.pfb><C:/Users/renzo/AppData/Local/Programs/MiKTeX/fonts/type1/public/amsfonts/cm/cmr8.pfb><C:/Users/renzo/AppData/Local/Programs/MiKTeX/fonts/type1/public/amsfonts/cm/cmss12.pfb><C:/Users/renzo/AppData/Local/Programs/MiKTeX/fonts/type1/public/amsfonts/cm/cmssbx10.pfb><C:/Users/renzo/AppData/Local/Programs/MiKTeX/fonts/type1/public/amsfonts/cm/cmsy10.pfb><C:/Users/renzo/AppData/Local/Programs/MiKTeX/fonts/type1/public/amsfonts/cm/cmsy6.pfb><C:/Users/renzo/AppData/Local/Programs/MiKTeX/fonts/type1/public/amsfonts/cm/cmsy7.pfb><C:/Users/renzo/AppData/Local/Programs/MiKTeX/fonts/type1/public/amsfonts/cm/cmsy8.pfb><C:/Users/renzo/AppData/Local/Programs/MiKTeX/fonts/type1/public/amsfonts/cm/cmti12.pfb><C:/Users/renzo/AppData/Local/Programs/MiKTeX/fonts/type1/public/amsfonts/cm/cmtt12.pfb><C:/Users/renzo/AppData/Local/Programs/MiKTeX/fonts/type1/public/doublestroke/dsrom12.pfb><C:/Users/renzo/AppData/Local/Programs/MiKTeX/fonts/type1/public/amsfonts/latxfont/lasy10.pfb>
Output written on template.pdf (54 pages, 2564519 bytes).
PDF statistics:
 1931 PDF objects out of 2073 (max. 8388607)
 195 named destinations out of 1000 (max. 500000)
 344 words of extra memory for PDF output out of 10000 (max. 10000000)

